make -f objs/Makefile
make[1]: Entering directory `/data0/yanyan10/trunk/nginx-1.0.8'
gcc -c -pipe  -O -W -Wall -Wpointer-arith -Wno-unused-parameter -Wunused-function -Wunused-variable -Wunused-value -Werror -g  -I src/core -I src/event -I src/event/modules -I src/os/unix -I mod_rtbfb/ -I /home/a/include/ -I objs \
		-o objs/src/core/nginx.o \
		src/core/nginx.c
gcc -c -pipe  -O -W -Wall -Wpointer-arith -Wno-unused-parameter -Wunused-function -Wunused-variable -Wunused-value -Werror -g  -I src/core -I src/event -I src/event/modules -I src/os/unix -I mod_rtbfb/ -I /home/a/include/ -I objs \
		-o objs/src/core/ngx_log.o \
		src/core/ngx_log.c
gcc -c -pipe  -O -W -Wall -Wpointer-arith -Wno-unused-parameter -Wunused-function -Wunused-variable -Wunused-value -Werror -g  -I src/core -I src/event -I src/event/modules -I src/os/unix -I mod_rtbfb/ -I /home/a/include/ -I objs \
		-o objs/src/core/ngx_palloc.o \
		src/core/ngx_palloc.c
gcc -c -pipe  -O -W -Wall -Wpointer-arith -Wno-unused-parameter -Wunused-function -Wunused-variable -Wunused-value -Werror -g  -I src/core -I src/event -I src/event/modules -I src/os/unix -I mod_rtbfb/ -I /home/a/include/ -I objs \
		-o objs/src/core/ngx_array.o \
		src/core/ngx_array.c
gcc -c -pipe  -O -W -Wall -Wpointer-arith -Wno-unused-parameter -Wunused-function -Wunused-variable -Wunused-value -Werror -g  -I src/core -I src/event -I src/event/modules -I src/os/unix -I mod_rtbfb/ -I /home/a/include/ -I objs \
		-o objs/src/core/ngx_list.o \
		src/core/ngx_list.c
gcc -c -pipe  -O -W -Wall -Wpointer-arith -Wno-unused-parameter -Wunused-function -Wunused-variable -Wunused-value -Werror -g  -I src/core -I src/event -I src/event/modules -I src/os/unix -I mod_rtbfb/ -I /home/a/include/ -I objs \
		-o objs/src/core/ngx_hash.o \
		src/core/ngx_hash.c
gcc -c -pipe  -O -W -Wall -Wpointer-arith -Wno-unused-parameter -Wunused-function -Wunused-variable -Wunused-value -Werror -g  -I src/core -I src/event -I src/event/modules -I src/os/unix -I mod_rtbfb/ -I /home/a/include/ -I objs \
		-o objs/src/core/ngx_buf.o \
		src/core/ngx_buf.c
gcc -c -pipe  -O -W -Wall -Wpointer-arith -Wno-unused-parameter -Wunused-function -Wunused-variable -Wunused-value -Werror -g  -I src/core -I src/event -I src/event/modules -I src/os/unix -I mod_rtbfb/ -I /home/a/include/ -I objs \
		-o objs/src/core/ngx_queue.o \
		src/core/ngx_queue.c
gcc -c -pipe  -O -W -Wall -Wpointer-arith -Wno-unused-parameter -Wunused-function -Wunused-variable -Wunused-value -Werror -g  -I src/core -I src/event -I src/event/modules -I src/os/unix -I mod_rtbfb/ -I /home/a/include/ -I objs \
		-o objs/src/core/ngx_output_chain.o \
		src/core/ngx_output_chain.c
gcc -c -pipe  -O -W -Wall -Wpointer-arith -Wno-unused-parameter -Wunused-function -Wunused-variable -Wunused-value -Werror -g  -I src/core -I src/event -I src/event/modules -I src/os/unix -I mod_rtbfb/ -I /home/a/include/ -I objs \
		-o objs/src/core/ngx_string.o \
		src/core/ngx_string.c
gcc -c -pipe  -O -W -Wall -Wpointer-arith -Wno-unused-parameter -Wunused-function -Wunused-variable -Wunused-value -Werror -g  -I src/core -I src/event -I src/event/modules -I src/os/unix -I mod_rtbfb/ -I /home/a/include/ -I objs \
		-o objs/src/core/ngx_parse.o \
		src/core/ngx_parse.c
gcc -c -pipe  -O -W -Wall -Wpointer-arith -Wno-unused-parameter -Wunused-function -Wunused-variable -Wunused-value -Werror -g  -I src/core -I src/event -I src/event/modules -I src/os/unix -I mod_rtbfb/ -I /home/a/include/ -I objs \
		-o objs/src/core/ngx_inet.o \
		src/core/ngx_inet.c
gcc -c -pipe  -O -W -Wall -Wpointer-arith -Wno-unused-parameter -Wunused-function -Wunused-variable -Wunused-value -Werror -g  -I src/core -I src/event -I src/event/modules -I src/os/unix -I mod_rtbfb/ -I /home/a/include/ -I objs \
		-o objs/src/core/ngx_file.o \
		src/core/ngx_file.c
gcc -c -pipe  -O -W -Wall -Wpointer-arith -Wno-unused-parameter -Wunused-function -Wunused-variable -Wunused-value -Werror -g  -I src/core -I src/event -I src/event/modules -I src/os/unix -I mod_rtbfb/ -I /home/a/include/ -I objs \
		-o objs/src/core/ngx_crc32.o \
		src/core/ngx_crc32.c
gcc -c -pipe  -O -W -Wall -Wpointer-arith -Wno-unused-parameter -Wunused-function -Wunused-variable -Wunused-value -Werror -g  -I src/core -I src/event -I src/event/modules -I src/os/unix -I mod_rtbfb/ -I /home/a/include/ -I objs \
		-o objs/src/core/ngx_murmurhash.o \
		src/core/ngx_murmurhash.c
gcc -c -pipe  -O -W -Wall -Wpointer-arith -Wno-unused-parameter -Wunused-function -Wunused-variable -Wunused-value -Werror -g  -I src/core -I src/event -I src/event/modules -I src/os/unix -I mod_rtbfb/ -I /home/a/include/ -I objs \
		-o objs/src/core/ngx_md5.o \
		src/core/ngx_md5.c
gcc -c -pipe  -O -W -Wall -Wpointer-arith -Wno-unused-parameter -Wunused-function -Wunused-variable -Wunused-value -Werror -g  -I src/core -I src/event -I src/event/modules -I src/os/unix -I mod_rtbfb/ -I /home/a/include/ -I objs \
		-o objs/src/core/ngx_rbtree.o \
		src/core/ngx_rbtree.c
gcc -c -pipe  -O -W -Wall -Wpointer-arith -Wno-unused-parameter -Wunused-function -Wunused-variable -Wunused-value -Werror -g  -I src/core -I src/event -I src/event/modules -I src/os/unix -I mod_rtbfb/ -I /home/a/include/ -I objs \
		-o objs/src/core/ngx_radix_tree.o \
		src/core/ngx_radix_tree.c
gcc -c -pipe  -O -W -Wall -Wpointer-arith -Wno-unused-parameter -Wunused-function -Wunused-variable -Wunused-value -Werror -g  -I src/core -I src/event -I src/event/modules -I src/os/unix -I mod_rtbfb/ -I /home/a/include/ -I objs \
		-o objs/src/core/ngx_slab.o \
		src/core/ngx_slab.c
gcc -c -pipe  -O -W -Wall -Wpointer-arith -Wno-unused-parameter -Wunused-function -Wunused-variable -Wunused-value -Werror -g  -I src/core -I src/event -I src/event/modules -I src/os/unix -I mod_rtbfb/ -I /home/a/include/ -I objs \
		-o objs/src/core/ngx_times.o \
		src/core/ngx_times.c
gcc -c -pipe  -O -W -Wall -Wpointer-arith -Wno-unused-parameter -Wunused-function -Wunused-variable -Wunused-value -Werror -g  -I src/core -I src/event -I src/event/modules -I src/os/unix -I mod_rtbfb/ -I /home/a/include/ -I objs \
		-o objs/src/core/ngx_shmtx.o \
		src/core/ngx_shmtx.c
gcc -c -pipe  -O -W -Wall -Wpointer-arith -Wno-unused-parameter -Wunused-function -Wunused-variable -Wunused-value -Werror -g  -I src/core -I src/event -I src/event/modules -I src/os/unix -I mod_rtbfb/ -I /home/a/include/ -I objs \
		-o objs/src/core/ngx_connection.o \
		src/core/ngx_connection.c
gcc -c -pipe  -O -W -Wall -Wpointer-arith -Wno-unused-parameter -Wunused-function -Wunused-variable -Wunused-value -Werror -g  -I src/core -I src/event -I src/event/modules -I src/os/unix -I mod_rtbfb/ -I /home/a/include/ -I objs \
		-o objs/src/core/ngx_cycle.o \
		src/core/ngx_cycle.c
gcc -c -pipe  -O -W -Wall -Wpointer-arith -Wno-unused-parameter -Wunused-function -Wunused-variable -Wunused-value -Werror -g  -I src/core -I src/event -I src/event/modules -I src/os/unix -I mod_rtbfb/ -I /home/a/include/ -I objs \
		-o objs/src/core/ngx_spinlock.o \
		src/core/ngx_spinlock.c
gcc -c -pipe  -O -W -Wall -Wpointer-arith -Wno-unused-parameter -Wunused-function -Wunused-variable -Wunused-value -Werror -g  -I src/core -I src/event -I src/event/modules -I src/os/unix -I mod_rtbfb/ -I /home/a/include/ -I objs \
		-o objs/src/core/ngx_cpuinfo.o \
		src/core/ngx_cpuinfo.c
gcc -c -pipe  -O -W -Wall -Wpointer-arith -Wno-unused-parameter -Wunused-function -Wunused-variable -Wunused-value -Werror -g  -I src/core -I src/event -I src/event/modules -I src/os/unix -I mod_rtbfb/ -I /home/a/include/ -I objs \
		-o objs/src/core/ngx_conf_file.o \
		src/core/ngx_conf_file.c
gcc -c -pipe  -O -W -Wall -Wpointer-arith -Wno-unused-parameter -Wunused-function -Wunused-variable -Wunused-value -Werror -g  -I src/core -I src/event -I src/event/modules -I src/os/unix -I mod_rtbfb/ -I /home/a/include/ -I objs \
		-o objs/src/core/ngx_resolver.o \
		src/core/ngx_resolver.c
gcc -c -pipe  -O -W -Wall -Wpointer-arith -Wno-unused-parameter -Wunused-function -Wunused-variable -Wunused-value -Werror -g  -I src/core -I src/event -I src/event/modules -I src/os/unix -I mod_rtbfb/ -I /home/a/include/ -I objs \
		-o objs/src/core/ngx_open_file_cache.o \
		src/core/ngx_open_file_cache.c
gcc -c -pipe  -O -W -Wall -Wpointer-arith -Wno-unused-parameter -Wunused-function -Wunused-variable -Wunused-value -Werror -g  -I src/core -I src/event -I src/event/modules -I src/os/unix -I mod_rtbfb/ -I /home/a/include/ -I objs \
		-o objs/src/core/ngx_crypt.o \
		src/core/ngx_crypt.c
gcc -c -pipe  -O -W -Wall -Wpointer-arith -Wno-unused-parameter -Wunused-function -Wunused-variable -Wunused-value -Werror -g  -I src/core -I src/event -I src/event/modules -I src/os/unix -I mod_rtbfb/ -I /home/a/include/ -I objs \
		-o objs/src/event/ngx_event.o \
		src/event/ngx_event.c
gcc -c -pipe  -O -W -Wall -Wpointer-arith -Wno-unused-parameter -Wunused-function -Wunused-variable -Wunused-value -Werror -g  -I src/core -I src/event -I src/event/modules -I src/os/unix -I mod_rtbfb/ -I /home/a/include/ -I objs \
		-o objs/src/event/ngx_event_timer.o \
		src/event/ngx_event_timer.c
gcc -c -pipe  -O -W -Wall -Wpointer-arith -Wno-unused-parameter -Wunused-function -Wunused-variable -Wunused-value -Werror -g  -I src/core -I src/event -I src/event/modules -I src/os/unix -I mod_rtbfb/ -I /home/a/include/ -I objs \
		-o objs/src/event/ngx_event_posted.o \
		src/event/ngx_event_posted.c
gcc -c -pipe  -O -W -Wall -Wpointer-arith -Wno-unused-parameter -Wunused-function -Wunused-variable -Wunused-value -Werror -g  -I src/core -I src/event -I src/event/modules -I src/os/unix -I mod_rtbfb/ -I /home/a/include/ -I objs \
		-o objs/src/event/ngx_event_busy_lock.o \
		src/event/ngx_event_busy_lock.c
gcc -c -pipe  -O -W -Wall -Wpointer-arith -Wno-unused-parameter -Wunused-function -Wunused-variable -Wunused-value -Werror -g  -I src/core -I src/event -I src/event/modules -I src/os/unix -I mod_rtbfb/ -I /home/a/include/ -I objs \
		-o objs/src/event/ngx_event_accept.o \
		src/event/ngx_event_accept.c
gcc -c -pipe  -O -W -Wall -Wpointer-arith -Wno-unused-parameter -Wunused-function -Wunused-variable -Wunused-value -Werror -g  -I src/core -I src/event -I src/event/modules -I src/os/unix -I mod_rtbfb/ -I /home/a/include/ -I objs \
		-o objs/src/event/ngx_event_connect.o \
		src/event/ngx_event_connect.c
gcc -c -pipe  -O -W -Wall -Wpointer-arith -Wno-unused-parameter -Wunused-function -Wunused-variable -Wunused-value -Werror -g  -I src/core -I src/event -I src/event/modules -I src/os/unix -I mod_rtbfb/ -I /home/a/include/ -I objs \
		-o objs/src/event/ngx_event_pipe.o \
		src/event/ngx_event_pipe.c
gcc -c -pipe  -O -W -Wall -Wpointer-arith -Wno-unused-parameter -Wunused-function -Wunused-variable -Wunused-value -Werror -g  -I src/core -I src/event -I src/event/modules -I src/os/unix -I mod_rtbfb/ -I /home/a/include/ -I objs \
		-o objs/src/os/unix/ngx_time.o \
		src/os/unix/ngx_time.c
gcc -c -pipe  -O -W -Wall -Wpointer-arith -Wno-unused-parameter -Wunused-function -Wunused-variable -Wunused-value -Werror -g  -I src/core -I src/event -I src/event/modules -I src/os/unix -I mod_rtbfb/ -I /home/a/include/ -I objs \
		-o objs/src/os/unix/ngx_errno.o \
		src/os/unix/ngx_errno.c
gcc -c -pipe  -O -W -Wall -Wpointer-arith -Wno-unused-parameter -Wunused-function -Wunused-variable -Wunused-value -Werror -g  -I src/core -I src/event -I src/event/modules -I src/os/unix -I mod_rtbfb/ -I /home/a/include/ -I objs \
		-o objs/src/os/unix/ngx_alloc.o \
		src/os/unix/ngx_alloc.c
gcc -c -pipe  -O -W -Wall -Wpointer-arith -Wno-unused-parameter -Wunused-function -Wunused-variable -Wunused-value -Werror -g  -I src/core -I src/event -I src/event/modules -I src/os/unix -I mod_rtbfb/ -I /home/a/include/ -I objs \
		-o objs/src/os/unix/ngx_files.o \
		src/os/unix/ngx_files.c
gcc -c -pipe  -O -W -Wall -Wpointer-arith -Wno-unused-parameter -Wunused-function -Wunused-variable -Wunused-value -Werror -g  -I src/core -I src/event -I src/event/modules -I src/os/unix -I mod_rtbfb/ -I /home/a/include/ -I objs \
		-o objs/src/os/unix/ngx_socket.o \
		src/os/unix/ngx_socket.c
gcc -c -pipe  -O -W -Wall -Wpointer-arith -Wno-unused-parameter -Wunused-function -Wunused-variable -Wunused-value -Werror -g  -I src/core -I src/event -I src/event/modules -I src/os/unix -I mod_rtbfb/ -I /home/a/include/ -I objs \
		-o objs/src/os/unix/ngx_recv.o \
		src/os/unix/ngx_recv.c
gcc -c -pipe  -O -W -Wall -Wpointer-arith -Wno-unused-parameter -Wunused-function -Wunused-variable -Wunused-value -Werror -g  -I src/core -I src/event -I src/event/modules -I src/os/unix -I mod_rtbfb/ -I /home/a/include/ -I objs \
		-o objs/src/os/unix/ngx_readv_chain.o \
		src/os/unix/ngx_readv_chain.c
gcc -c -pipe  -O -W -Wall -Wpointer-arith -Wno-unused-parameter -Wunused-function -Wunused-variable -Wunused-value -Werror -g  -I src/core -I src/event -I src/event/modules -I src/os/unix -I mod_rtbfb/ -I /home/a/include/ -I objs \
		-o objs/src/os/unix/ngx_udp_recv.o \
		src/os/unix/ngx_udp_recv.c
gcc -c -pipe  -O -W -Wall -Wpointer-arith -Wno-unused-parameter -Wunused-function -Wunused-variable -Wunused-value -Werror -g  -I src/core -I src/event -I src/event/modules -I src/os/unix -I mod_rtbfb/ -I /home/a/include/ -I objs \
		-o objs/src/os/unix/ngx_send.o \
		src/os/unix/ngx_send.c
gcc -c -pipe  -O -W -Wall -Wpointer-arith -Wno-unused-parameter -Wunused-function -Wunused-variable -Wunused-value -Werror -g  -I src/core -I src/event -I src/event/modules -I src/os/unix -I mod_rtbfb/ -I /home/a/include/ -I objs \
		-o objs/src/os/unix/ngx_writev_chain.o \
		src/os/unix/ngx_writev_chain.c
gcc -c -pipe  -O -W -Wall -Wpointer-arith -Wno-unused-parameter -Wunused-function -Wunused-variable -Wunused-value -Werror -g  -I src/core -I src/event -I src/event/modules -I src/os/unix -I mod_rtbfb/ -I /home/a/include/ -I objs \
		-o objs/src/os/unix/ngx_channel.o \
		src/os/unix/ngx_channel.c
gcc -c -pipe  -O -W -Wall -Wpointer-arith -Wno-unused-parameter -Wunused-function -Wunused-variable -Wunused-value -Werror -g  -I src/core -I src/event -I src/event/modules -I src/os/unix -I mod_rtbfb/ -I /home/a/include/ -I objs \
		-o objs/src/os/unix/ngx_shmem.o \
		src/os/unix/ngx_shmem.c
gcc -c -pipe  -O -W -Wall -Wpointer-arith -Wno-unused-parameter -Wunused-function -Wunused-variable -Wunused-value -Werror -g  -I src/core -I src/event -I src/event/modules -I src/os/unix -I mod_rtbfb/ -I /home/a/include/ -I objs \
		-o objs/src/os/unix/ngx_process.o \
		src/os/unix/ngx_process.c
gcc -c -pipe  -O -W -Wall -Wpointer-arith -Wno-unused-parameter -Wunused-function -Wunused-variable -Wunused-value -Werror -g  -I src/core -I src/event -I src/event/modules -I src/os/unix -I mod_rtbfb/ -I /home/a/include/ -I objs \
		-o objs/src/os/unix/ngx_daemon.o \
		src/os/unix/ngx_daemon.c
gcc -c -pipe  -O -W -Wall -Wpointer-arith -Wno-unused-parameter -Wunused-function -Wunused-variable -Wunused-value -Werror -g  -I src/core -I src/event -I src/event/modules -I src/os/unix -I mod_rtbfb/ -I /home/a/include/ -I objs \
		-o objs/src/os/unix/ngx_setproctitle.o \
		src/os/unix/ngx_setproctitle.c
gcc -c -pipe  -O -W -Wall -Wpointer-arith -Wno-unused-parameter -Wunused-function -Wunused-variable -Wunused-value -Werror -g  -I src/core -I src/event -I src/event/modules -I src/os/unix -I mod_rtbfb/ -I /home/a/include/ -I objs \
		-o objs/src/os/unix/ngx_posix_init.o \
		src/os/unix/ngx_posix_init.c
gcc -c -pipe  -O -W -Wall -Wpointer-arith -Wno-unused-parameter -Wunused-function -Wunused-variable -Wunused-value -Werror -g  -I src/core -I src/event -I src/event/modules -I src/os/unix -I mod_rtbfb/ -I /home/a/include/ -I objs \
		-o objs/src/os/unix/ngx_user.o \
		src/os/unix/ngx_user.c
gcc -c -pipe  -O -W -Wall -Wpointer-arith -Wno-unused-parameter -Wunused-function -Wunused-variable -Wunused-value -Werror -g  -I src/core -I src/event -I src/event/modules -I src/os/unix -I mod_rtbfb/ -I /home/a/include/ -I objs \
		-o objs/src/os/unix/ngx_process_cycle.o \
		src/os/unix/ngx_process_cycle.c
gcc -c -pipe  -O -W -Wall -Wpointer-arith -Wno-unused-parameter -Wunused-function -Wunused-variable -Wunused-value -Werror -g  -I src/core -I src/event -I src/event/modules -I src/os/unix -I mod_rtbfb/ -I /home/a/include/ -I objs \
		-o objs/src/os/unix/ngx_linux_init.o \
		src/os/unix/ngx_linux_init.c
gcc -c -pipe  -O -W -Wall -Wpointer-arith -Wno-unused-parameter -Wunused-function -Wunused-variable -Wunused-value -Werror -g  -I src/core -I src/event -I src/event/modules -I src/os/unix -I mod_rtbfb/ -I /home/a/include/ -I objs \
		-o objs/src/event/modules/ngx_epoll_module.o \
		src/event/modules/ngx_epoll_module.c
gcc -c -pipe  -O -W -Wall -Wpointer-arith -Wno-unused-parameter -Wunused-function -Wunused-variable -Wunused-value -Werror -g  -I src/core -I src/event -I src/event/modules -I src/os/unix -I mod_rtbfb/ -I /home/a/include/ -I objs \
		-o objs/src/os/unix/ngx_linux_sendfile_chain.o \
		src/os/unix/ngx_linux_sendfile_chain.c
gcc -c -pipe  -O -W -Wall -Wpointer-arith -Wno-unused-parameter -Wunused-function -Wunused-variable -Wunused-value -Werror -g  -I src/core -I src/event -I src/event/modules -I src/os/unix -I mod_rtbfb/ -I /home/a/include/ -I objs \
		-o objs/src/core/ngx_regex.o \
		src/core/ngx_regex.c
gcc -c -pipe  -O -W -Wall -Wpointer-arith -Wno-unused-parameter -Wunused-function -Wunused-variable -Wunused-value -Werror -g  -I src/core -I src/event -I src/event/modules -I src/os/unix -I mod_rtbfb/ -I /home/a/include/ -I objs -I src/http -I src/http/modules \
		-o objs/src/http/ngx_http.o \
		src/http/ngx_http.c
gcc -c -pipe  -O -W -Wall -Wpointer-arith -Wno-unused-parameter -Wunused-function -Wunused-variable -Wunused-value -Werror -g  -I src/core -I src/event -I src/event/modules -I src/os/unix -I mod_rtbfb/ -I /home/a/include/ -I objs -I src/http -I src/http/modules \
		-o objs/src/http/ngx_http_core_module.o \
		src/http/ngx_http_core_module.c
gcc -c -pipe  -O -W -Wall -Wpointer-arith -Wno-unused-parameter -Wunused-function -Wunused-variable -Wunused-value -Werror -g  -I src/core -I src/event -I src/event/modules -I src/os/unix -I mod_rtbfb/ -I /home/a/include/ -I objs -I src/http -I src/http/modules \
		-o objs/src/http/ngx_http_special_response.o \
		src/http/ngx_http_special_response.c
gcc -c -pipe  -O -W -Wall -Wpointer-arith -Wno-unused-parameter -Wunused-function -Wunused-variable -Wunused-value -Werror -g  -I src/core -I src/event -I src/event/modules -I src/os/unix -I mod_rtbfb/ -I /home/a/include/ -I objs -I src/http -I src/http/modules \
		-o objs/src/http/ngx_http_request.o \
		src/http/ngx_http_request.c
gcc -c -pipe  -O -W -Wall -Wpointer-arith -Wno-unused-parameter -Wunused-function -Wunused-variable -Wunused-value -Werror -g  -I src/core -I src/event -I src/event/modules -I src/os/unix -I mod_rtbfb/ -I /home/a/include/ -I objs -I src/http -I src/http/modules \
		-o objs/src/http/ngx_http_parse.o \
		src/http/ngx_http_parse.c
gcc -c -pipe  -O -W -Wall -Wpointer-arith -Wno-unused-parameter -Wunused-function -Wunused-variable -Wunused-value -Werror -g  -I src/core -I src/event -I src/event/modules -I src/os/unix -I mod_rtbfb/ -I /home/a/include/ -I objs -I src/http -I src/http/modules \
		-o objs/src/http/ngx_http_header_filter_module.o \
		src/http/ngx_http_header_filter_module.c
gcc -c -pipe  -O -W -Wall -Wpointer-arith -Wno-unused-parameter -Wunused-function -Wunused-variable -Wunused-value -Werror -g  -I src/core -I src/event -I src/event/modules -I src/os/unix -I mod_rtbfb/ -I /home/a/include/ -I objs -I src/http -I src/http/modules \
		-o objs/src/http/ngx_http_write_filter_module.o \
		src/http/ngx_http_write_filter_module.c
gcc -c -pipe  -O -W -Wall -Wpointer-arith -Wno-unused-parameter -Wunused-function -Wunused-variable -Wunused-value -Werror -g  -I src/core -I src/event -I src/event/modules -I src/os/unix -I mod_rtbfb/ -I /home/a/include/ -I objs -I src/http -I src/http/modules \
		-o objs/src/http/ngx_http_copy_filter_module.o \
		src/http/ngx_http_copy_filter_module.c
gcc -c -pipe  -O -W -Wall -Wpointer-arith -Wno-unused-parameter -Wunused-function -Wunused-variable -Wunused-value -Werror -g  -I src/core -I src/event -I src/event/modules -I src/os/unix -I mod_rtbfb/ -I /home/a/include/ -I objs -I src/http -I src/http/modules \
		-o objs/src/http/modules/ngx_http_log_module.o \
		src/http/modules/ngx_http_log_module.c
gcc -c -pipe  -O -W -Wall -Wpointer-arith -Wno-unused-parameter -Wunused-function -Wunused-variable -Wunused-value -Werror -g  -I src/core -I src/event -I src/event/modules -I src/os/unix -I mod_rtbfb/ -I /home/a/include/ -I objs -I src/http -I src/http/modules \
		-o objs/src/http/ngx_http_request_body.o \
		src/http/ngx_http_request_body.c
gcc -c -pipe  -O -W -Wall -Wpointer-arith -Wno-unused-parameter -Wunused-function -Wunused-variable -Wunused-value -Werror -g  -I src/core -I src/event -I src/event/modules -I src/os/unix -I mod_rtbfb/ -I /home/a/include/ -I objs -I src/http -I src/http/modules \
		-o objs/src/http/ngx_http_variables.o \
		src/http/ngx_http_variables.c
gcc -c -pipe  -O -W -Wall -Wpointer-arith -Wno-unused-parameter -Wunused-function -Wunused-variable -Wunused-value -Werror -g  -I src/core -I src/event -I src/event/modules -I src/os/unix -I mod_rtbfb/ -I /home/a/include/ -I objs -I src/http -I src/http/modules \
		-o objs/src/http/ngx_http_script.o \
		src/http/ngx_http_script.c
gcc -c -pipe  -O -W -Wall -Wpointer-arith -Wno-unused-parameter -Wunused-function -Wunused-variable -Wunused-value -Werror -g  -I src/core -I src/event -I src/event/modules -I src/os/unix -I mod_rtbfb/ -I /home/a/include/ -I objs -I src/http -I src/http/modules \
		-o objs/src/http/ngx_http_upstream.o \
		src/http/ngx_http_upstream.c
gcc -c -pipe  -O -W -Wall -Wpointer-arith -Wno-unused-parameter -Wunused-function -Wunused-variable -Wunused-value -Werror -g  -I src/core -I src/event -I src/event/modules -I src/os/unix -I mod_rtbfb/ -I /home/a/include/ -I objs -I src/http -I src/http/modules \
		-o objs/src/http/ngx_http_upstream_round_robin.o \
		src/http/ngx_http_upstream_round_robin.c
gcc -c -pipe  -O -W -Wall -Wpointer-arith -Wno-unused-parameter -Wunused-function -Wunused-variable -Wunused-value -Werror -g  -I src/core -I src/event -I src/event/modules -I src/os/unix -I mod_rtbfb/ -I /home/a/include/ -I objs -I src/http -I src/http/modules \
		-o objs/src/http/ngx_http_parse_time.o \
		src/http/ngx_http_parse_time.c
gcc -c -pipe  -O -W -Wall -Wpointer-arith -Wno-unused-parameter -Wunused-function -Wunused-variable -Wunused-value -Werror -g  -I src/core -I src/event -I src/event/modules -I src/os/unix -I mod_rtbfb/ -I /home/a/include/ -I objs -I src/http -I src/http/modules \
		-o objs/src/http/modules/ngx_http_static_module.o \
		src/http/modules/ngx_http_static_module.c
gcc -c -pipe  -O -W -Wall -Wpointer-arith -Wno-unused-parameter -Wunused-function -Wunused-variable -Wunused-value -Werror -g  -I src/core -I src/event -I src/event/modules -I src/os/unix -I mod_rtbfb/ -I /home/a/include/ -I objs -I src/http -I src/http/modules \
		-o objs/src/http/modules/ngx_http_index_module.o \
		src/http/modules/ngx_http_index_module.c
gcc -c -pipe  -O -W -Wall -Wpointer-arith -Wno-unused-parameter -Wunused-function -Wunused-variable -Wunused-value -Werror -g  -I src/core -I src/event -I src/event/modules -I src/os/unix -I mod_rtbfb/ -I /home/a/include/ -I objs -I src/http -I src/http/modules \
		-o objs/src/http/modules/ngx_http_chunked_filter_module.o \
		src/http/modules/ngx_http_chunked_filter_module.c
gcc -c -pipe  -O -W -Wall -Wpointer-arith -Wno-unused-parameter -Wunused-function -Wunused-variable -Wunused-value -Werror -g  -I src/core -I src/event -I src/event/modules -I src/os/unix -I mod_rtbfb/ -I /home/a/include/ -I objs -I src/http -I src/http/modules \
		-o objs/src/http/modules/ngx_http_range_filter_module.o \
		src/http/modules/ngx_http_range_filter_module.c
gcc -c -pipe  -O -W -Wall -Wpointer-arith -Wno-unused-parameter -Wunused-function -Wunused-variable -Wunused-value -Werror -g  -I src/core -I src/event -I src/event/modules -I src/os/unix -I mod_rtbfb/ -I /home/a/include/ -I objs -I src/http -I src/http/modules \
		-o objs/src/http/modules/ngx_http_headers_filter_module.o \
		src/http/modules/ngx_http_headers_filter_module.c
gcc -c -pipe  -O -W -Wall -Wpointer-arith -Wno-unused-parameter -Wunused-function -Wunused-variable -Wunused-value -Werror -g  -I src/core -I src/event -I src/event/modules -I src/os/unix -I mod_rtbfb/ -I /home/a/include/ -I objs -I src/http -I src/http/modules \
		-o objs/src/http/modules/ngx_http_not_modified_filter_module.o \
		src/http/modules/ngx_http_not_modified_filter_module.c
gcc -c -pipe  -O -W -Wall -Wpointer-arith -Wno-unused-parameter -Wunused-function -Wunused-variable -Wunused-value -Werror -g  -I src/core -I src/event -I src/event/modules -I src/os/unix -I mod_rtbfb/ -I /home/a/include/ -I objs -I src/http -I src/http/modules \
		-o objs/src/http/ngx_http_busy_lock.o \
		src/http/ngx_http_busy_lock.c
gcc -c -pipe  -O -W -Wall -Wpointer-arith -Wno-unused-parameter -Wunused-function -Wunused-variable -Wunused-value -Werror -g  -I src/core -I src/event -I src/event/modules -I src/os/unix -I mod_rtbfb/ -I /home/a/include/ -I objs -I src/http -I src/http/modules \
		-o objs/src/http/ngx_http_file_cache.o \
		src/http/ngx_http_file_cache.c
gcc -c -pipe  -O -W -Wall -Wpointer-arith -Wno-unused-parameter -Wunused-function -Wunused-variable -Wunused-value -Werror -g  -I src/core -I src/event -I src/event/modules -I src/os/unix -I mod_rtbfb/ -I /home/a/include/ -I objs -I src/http -I src/http/modules \
		-o objs/src/http/modules/ngx_http_gzip_filter_module.o \
		src/http/modules/ngx_http_gzip_filter_module.c
gcc -c -pipe  -O -W -Wall -Wpointer-arith -Wno-unused-parameter -Wunused-function -Wunused-variable -Wunused-value -Werror -g  -I src/core -I src/event -I src/event/modules -I src/os/unix -I mod_rtbfb/ -I /home/a/include/ -I objs -I src/http -I src/http/modules \
		-o objs/src/http/ngx_http_postpone_filter_module.o \
		src/http/ngx_http_postpone_filter_module.c
gcc -c -pipe  -O -W -Wall -Wpointer-arith -Wno-unused-parameter -Wunused-function -Wunused-variable -Wunused-value -Werror -g  -I src/core -I src/event -I src/event/modules -I src/os/unix -I mod_rtbfb/ -I /home/a/include/ -I objs -I src/http -I src/http/modules \
		-o objs/src/http/modules/ngx_http_ssi_filter_module.o \
		src/http/modules/ngx_http_ssi_filter_module.c
gcc -c -pipe  -O -W -Wall -Wpointer-arith -Wno-unused-parameter -Wunused-function -Wunused-variable -Wunused-value -Werror -g  -I src/core -I src/event -I src/event/modules -I src/os/unix -I mod_rtbfb/ -I /home/a/include/ -I objs -I src/http -I src/http/modules \
		-o objs/src/http/modules/ngx_http_charset_filter_module.o \
		src/http/modules/ngx_http_charset_filter_module.c
gcc -c -pipe  -O -W -Wall -Wpointer-arith -Wno-unused-parameter -Wunused-function -Wunused-variable -Wunused-value -Werror -g  -I src/core -I src/event -I src/event/modules -I src/os/unix -I mod_rtbfb/ -I /home/a/include/ -I objs -I src/http -I src/http/modules \
		-o objs/src/http/modules/ngx_http_userid_filter_module.o \
		src/http/modules/ngx_http_userid_filter_module.c
gcc -c -pipe  -O -W -Wall -Wpointer-arith -Wno-unused-parameter -Wunused-function -Wunused-variable -Wunused-value -Werror -g  -I src/core -I src/event -I src/event/modules -I src/os/unix -I mod_rtbfb/ -I /home/a/include/ -I objs -I src/http -I src/http/modules \
		-o objs/src/http/modules/ngx_http_autoindex_module.o \
		src/http/modules/ngx_http_autoindex_module.c
gcc -c -pipe  -O -W -Wall -Wpointer-arith -Wno-unused-parameter -Wunused-function -Wunused-variable -Wunused-value -Werror -g  -I src/core -I src/event -I src/event/modules -I src/os/unix -I mod_rtbfb/ -I /home/a/include/ -I objs -I src/http -I src/http/modules \
		-o objs/src/http/modules/ngx_http_auth_basic_module.o \
		src/http/modules/ngx_http_auth_basic_module.c
gcc -c -pipe  -O -W -Wall -Wpointer-arith -Wno-unused-parameter -Wunused-function -Wunused-variable -Wunused-value -Werror -g  -I src/core -I src/event -I src/event/modules -I src/os/unix -I mod_rtbfb/ -I /home/a/include/ -I objs -I src/http -I src/http/modules \
		-o objs/src/http/modules/ngx_http_access_module.o \
		src/http/modules/ngx_http_access_module.c
gcc -c -pipe  -O -W -Wall -Wpointer-arith -Wno-unused-parameter -Wunused-function -Wunused-variable -Wunused-value -Werror -g  -I src/core -I src/event -I src/event/modules -I src/os/unix -I mod_rtbfb/ -I /home/a/include/ -I objs -I src/http -I src/http/modules \
		-o objs/src/http/modules/ngx_http_limit_zone_module.o \
		src/http/modules/ngx_http_limit_zone_module.c
gcc -c -pipe  -O -W -Wall -Wpointer-arith -Wno-unused-parameter -Wunused-function -Wunused-variable -Wunused-value -Werror -g  -I src/core -I src/event -I src/event/modules -I src/os/unix -I mod_rtbfb/ -I /home/a/include/ -I objs -I src/http -I src/http/modules \
		-o objs/src/http/modules/ngx_http_limit_req_module.o \
		src/http/modules/ngx_http_limit_req_module.c
gcc -c -pipe  -O -W -Wall -Wpointer-arith -Wno-unused-parameter -Wunused-function -Wunused-variable -Wunused-value -Werror -g  -I src/core -I src/event -I src/event/modules -I src/os/unix -I mod_rtbfb/ -I /home/a/include/ -I objs -I src/http -I src/http/modules \
		-o objs/src/http/modules/ngx_http_geo_module.o \
		src/http/modules/ngx_http_geo_module.c
gcc -c -pipe  -O -W -Wall -Wpointer-arith -Wno-unused-parameter -Wunused-function -Wunused-variable -Wunused-value -Werror -g  -I src/core -I src/event -I src/event/modules -I src/os/unix -I mod_rtbfb/ -I /home/a/include/ -I objs -I src/http -I src/http/modules \
		-o objs/src/http/modules/ngx_http_map_module.o \
		src/http/modules/ngx_http_map_module.c
gcc -c -pipe  -O -W -Wall -Wpointer-arith -Wno-unused-parameter -Wunused-function -Wunused-variable -Wunused-value -Werror -g  -I src/core -I src/event -I src/event/modules -I src/os/unix -I mod_rtbfb/ -I /home/a/include/ -I objs -I src/http -I src/http/modules \
		-o objs/src/http/modules/ngx_http_split_clients_module.o \
		src/http/modules/ngx_http_split_clients_module.c
gcc -c -pipe  -O -W -Wall -Wpointer-arith -Wno-unused-parameter -Wunused-function -Wunused-variable -Wunused-value -Werror -g  -I src/core -I src/event -I src/event/modules -I src/os/unix -I mod_rtbfb/ -I /home/a/include/ -I objs -I src/http -I src/http/modules \
		-o objs/src/http/modules/ngx_http_referer_module.o \
		src/http/modules/ngx_http_referer_module.c
gcc -c -pipe  -O -W -Wall -Wpointer-arith -Wno-unused-parameter -Wunused-function -Wunused-variable -Wunused-value -Werror -g  -I src/core -I src/event -I src/event/modules -I src/os/unix -I mod_rtbfb/ -I /home/a/include/ -I objs -I src/http -I src/http/modules \
		-o objs/src/http/modules/ngx_http_rewrite_module.o \
		src/http/modules/ngx_http_rewrite_module.c
gcc -c -pipe  -O -W -Wall -Wpointer-arith -Wno-unused-parameter -Wunused-function -Wunused-variable -Wunused-value -Werror -g  -I src/core -I src/event -I src/event/modules -I src/os/unix -I mod_rtbfb/ -I /home/a/include/ -I objs -I src/http -I src/http/modules \
		-o objs/src/http/modules/ngx_http_proxy_module.o \
		src/http/modules/ngx_http_proxy_module.c
gcc -c -pipe  -O -W -Wall -Wpointer-arith -Wno-unused-parameter -Wunused-function -Wunused-variable -Wunused-value -Werror -g  -I src/core -I src/event -I src/event/modules -I src/os/unix -I mod_rtbfb/ -I /home/a/include/ -I objs -I src/http -I src/http/modules \
		-o objs/src/http/modules/ngx_http_fastcgi_module.o \
		src/http/modules/ngx_http_fastcgi_module.c
gcc -c -pipe  -O -W -Wall -Wpointer-arith -Wno-unused-parameter -Wunused-function -Wunused-variable -Wunused-value -Werror -g  -I src/core -I src/event -I src/event/modules -I src/os/unix -I mod_rtbfb/ -I /home/a/include/ -I objs -I src/http -I src/http/modules \
		-o objs/src/http/modules/ngx_http_uwsgi_module.o \
		src/http/modules/ngx_http_uwsgi_module.c
gcc -c -pipe  -O -W -Wall -Wpointer-arith -Wno-unused-parameter -Wunused-function -Wunused-variable -Wunused-value -Werror -g  -I src/core -I src/event -I src/event/modules -I src/os/unix -I mod_rtbfb/ -I /home/a/include/ -I objs -I src/http -I src/http/modules \
		-o objs/src/http/modules/ngx_http_scgi_module.o \
		src/http/modules/ngx_http_scgi_module.c
gcc -c -pipe  -O -W -Wall -Wpointer-arith -Wno-unused-parameter -Wunused-function -Wunused-variable -Wunused-value -Werror -g  -I src/core -I src/event -I src/event/modules -I src/os/unix -I mod_rtbfb/ -I /home/a/include/ -I objs -I src/http -I src/http/modules \
		-o objs/src/http/modules/ngx_http_memcached_module.o \
		src/http/modules/ngx_http_memcached_module.c
gcc -c -pipe  -O -W -Wall -Wpointer-arith -Wno-unused-parameter -Wunused-function -Wunused-variable -Wunused-value -Werror -g  -I src/core -I src/event -I src/event/modules -I src/os/unix -I mod_rtbfb/ -I /home/a/include/ -I objs -I src/http -I src/http/modules \
		-o objs/src/http/modules/ngx_http_empty_gif_module.o \
		src/http/modules/ngx_http_empty_gif_module.c
gcc -c -pipe  -O -W -Wall -Wpointer-arith -Wno-unused-parameter -Wunused-function -Wunused-variable -Wunused-value -Werror -g  -I src/core -I src/event -I src/event/modules -I src/os/unix -I mod_rtbfb/ -I /home/a/include/ -I objs -I src/http -I src/http/modules \
		-o objs/src/http/modules/ngx_http_browser_module.o \
		src/http/modules/ngx_http_browser_module.c
gcc -c -pipe  -O -W -Wall -Wpointer-arith -Wno-unused-parameter -Wunused-function -Wunused-variable -Wunused-value -Werror -g  -I src/core -I src/event -I src/event/modules -I src/os/unix -I mod_rtbfb/ -I /home/a/include/ -I objs -I src/http -I src/http/modules \
		-o objs/src/http/modules/ngx_http_upstream_ip_hash_module.o \
		src/http/modules/ngx_http_upstream_ip_hash_module.c
gcc -c -pipe  -O -W -Wall -Wpointer-arith -Wno-unused-parameter -Wunused-function -Wunused-variable -Wunused-value -Werror -g   -I src/core -I src/event -I src/event/modules -I src/os/unix -I mod_rtbfb/ -I /home/a/include/ -I objs -I src/http -I src/http/modules -I src/mail \
		-o objs/addon/mod_rtbfb/ngx_http_counter_module.o \
		mod_rtbfb//ngx_http_counter_module.c
gcc -c -pipe  -O -W -Wall -Wpointer-arith -Wno-unused-parameter -Wunused-function -Wunused-variable -Wunused-value -Werror -g  -I src/core -I src/event -I src/event/modules -I src/os/unix -I mod_rtbfb/ -I /home/a/include/ -I objs \
		-o objs/ngx_modules.o \
		objs/ngx_modules.c
gcc -o objs/nginx \
	objs/src/core/nginx.o \
	objs/src/core/ngx_log.o \
	objs/src/core/ngx_palloc.o \
	objs/src/core/ngx_array.o \
	objs/src/core/ngx_list.o \
	objs/src/core/ngx_hash.o \
	objs/src/core/ngx_buf.o \
	objs/src/core/ngx_queue.o \
	objs/src/core/ngx_output_chain.o \
	objs/src/core/ngx_string.o \
	objs/src/core/ngx_parse.o \
	objs/src/core/ngx_inet.o \
	objs/src/core/ngx_file.o \
	objs/src/core/ngx_crc32.o \
	objs/src/core/ngx_murmurhash.o \
	objs/src/core/ngx_md5.o \
	objs/src/core/ngx_rbtree.o \
	objs/src/core/ngx_radix_tree.o \
	objs/src/core/ngx_slab.o \
	objs/src/core/ngx_times.o \
	objs/src/core/ngx_shmtx.o \
	objs/src/core/ngx_connection.o \
	objs/src/core/ngx_cycle.o \
	objs/src/core/ngx_spinlock.o \
	objs/src/core/ngx_cpuinfo.o \
	objs/src/core/ngx_conf_file.o \
	objs/src/core/ngx_resolver.o \
	objs/src/core/ngx_open_file_cache.o \
	objs/src/core/ngx_crypt.o \
	objs/src/event/ngx_event.o \
	objs/src/event/ngx_event_timer.o \
	objs/src/event/ngx_event_posted.o \
	objs/src/event/ngx_event_busy_lock.o \
	objs/src/event/ngx_event_accept.o \
	objs/src/event/ngx_event_connect.o \
	objs/src/event/ngx_event_pipe.o \
	objs/src/os/unix/ngx_time.o \
	objs/src/os/unix/ngx_errno.o \
	objs/src/os/unix/ngx_alloc.o \
	objs/src/os/unix/ngx_files.o \
	objs/src/os/unix/ngx_socket.o \
	objs/src/os/unix/ngx_recv.o \
	objs/src/os/unix/ngx_readv_chain.o \
	objs/src/os/unix/ngx_udp_recv.o \
	objs/src/os/unix/ngx_send.o \
	objs/src/os/unix/ngx_writev_chain.o \
	objs/src/os/unix/ngx_channel.o \
	objs/src/os/unix/ngx_shmem.o \
	objs/src/os/unix/ngx_process.o \
	objs/src/os/unix/ngx_daemon.o \
	objs/src/os/unix/ngx_setproctitle.o \
	objs/src/os/unix/ngx_posix_init.o \
	objs/src/os/unix/ngx_user.o \
	objs/src/os/unix/ngx_process_cycle.o \
	objs/src/os/unix/ngx_linux_init.o \
	objs/src/event/modules/ngx_epoll_module.o \
	objs/src/os/unix/ngx_linux_sendfile_chain.o \
	objs/src/core/ngx_regex.o \
	objs/src/http/ngx_http.o \
	objs/src/http/ngx_http_core_module.o \
	objs/src/http/ngx_http_special_response.o \
	objs/src/http/ngx_http_request.o \
	objs/src/http/ngx_http_parse.o \
	objs/src/http/ngx_http_header_filter_module.o \
	objs/src/http/ngx_http_write_filter_module.o \
	objs/src/http/ngx_http_copy_filter_module.o \
	objs/src/http/modules/ngx_http_log_module.o \
	objs/src/http/ngx_http_request_body.o \
	objs/src/http/ngx_http_variables.o \
	objs/src/http/ngx_http_script.o \
	objs/src/http/ngx_http_upstream.o \
	objs/src/http/ngx_http_upstream_round_robin.o \
	objs/src/http/ngx_http_parse_time.o \
	objs/src/http/modules/ngx_http_static_module.o \
	objs/src/http/modules/ngx_http_index_module.o \
	objs/src/http/modules/ngx_http_chunked_filter_module.o \
	objs/src/http/modules/ngx_http_range_filter_module.o \
	objs/src/http/modules/ngx_http_headers_filter_module.o \
	objs/src/http/modules/ngx_http_not_modified_filter_module.o \
	objs/src/http/ngx_http_busy_lock.o \
	objs/src/http/ngx_http_file_cache.o \
	objs/src/http/modules/ngx_http_gzip_filter_module.o \
	objs/src/http/ngx_http_postpone_filter_module.o \
	objs/src/http/modules/ngx_http_ssi_filter_module.o \
	objs/src/http/modules/ngx_http_charset_filter_module.o \
	objs/src/http/modules/ngx_http_userid_filter_module.o \
	objs/src/http/modules/ngx_http_autoindex_module.o \
	objs/src/http/modules/ngx_http_auth_basic_module.o \
	objs/src/http/modules/ngx_http_access_module.o \
	objs/src/http/modules/ngx_http_limit_zone_module.o \
	objs/src/http/modules/ngx_http_limit_req_module.o \
	objs/src/http/modules/ngx_http_geo_module.o \
	objs/src/http/modules/ngx_http_map_module.o \
	objs/src/http/modules/ngx_http_split_clients_module.o \
	objs/src/http/modules/ngx_http_referer_module.o \
	objs/src/http/modules/ngx_http_rewrite_module.o \
	objs/src/http/modules/ngx_http_proxy_module.o \
	objs/src/http/modules/ngx_http_fastcgi_module.o \
	objs/src/http/modules/ngx_http_uwsgi_module.o \
	objs/src/http/modules/ngx_http_scgi_module.o \
	objs/src/http/modules/ngx_http_memcached_module.o \
	objs/src/http/modules/ngx_http_empty_gif_module.o \
	objs/src/http/modules/ngx_http_browser_module.o \
	objs/src/http/modules/ngx_http_upstream_ip_hash_module.o \
	objs/addon/mod_rtbfb/ngx_http_counter_module.o \
	objs/ngx_modules.o \
	-lpthread -lcrypt -L/home/a/lib64/ -ldl -lstdc++ -lssl -lpthread -lpcre -lcrypto -lcrypto -lz
make[1]: Leaving directory `/data0/yanyan10/trunk/nginx-1.0.8'
make -f objs/Makefile manpage
make[1]: Entering directory `/data0/yanyan10/trunk/nginx-1.0.8'
sed -e "s|%%PREFIX%%|/usr/local/nginx|" \
		-e "s|%%PID_PATH%%|/usr/local/nginx/logs/nginx.pid|" \
		-e "s|%%CONF_PATH%%|/usr/local/nginx/conf/nginx.conf|" \
		-e "s|%%ERROR_LOG_PATH%%|/usr/local/nginx/logs/error.log|" \
		< man/nginx.8 > objs/nginx.8
make[1]: Leaving directory `/data0/yanyan10/trunk/nginx-1.0.8'
