[ 2015-01-04T11:11:10+08:00 ] 127.0.0.1 /__debug/index.php?c=page&a=update_db
INFO: [ app_init ] --START--
INFO: Run Behavior\BuildLiteBehavior [ RunTime:0.000015s ]
INFO: [ app_init ] --END-- [ RunTime:0.000769s ]
INFO: [ app_begin ] --START--
INFO: Run Behavior\ReadHtmlCacheBehavior [ RunTime:0.001507s ]
INFO: [ app_begin ] --END-- [ RunTime:0.001644s ]
INFO: [ app_end ] --START--
INFO: Run Behavior\ShowPageTraceBehavior [ RunTime:0.001039s ]
INFO: [ app_end ] --END-- [ RunTime:0.001132s ]

[ 2015-01-04T11:12:03+08:00 ] 127.0.0.1 /__debug/index.php?c=page&a=update_db
INFO: [ app_init ] --START--
INFO: Run Behavior\BuildLiteBehavior [ RunTime:0.000018s ]
INFO: [ app_init ] --END-- [ RunTime:0.000516s ]
INFO: [ app_begin ] --START--
INFO: Run Behavior\ReadHtmlCacheBehavior [ RunTime:0.000610s ]
INFO: [ app_begin ] --END-- [ RunTime:0.000671s ]
SQL: SHOW COLUMNS FROM `job_detail` [ RunTime:0.0076s ]
SQL: INSERT INTO `job_detail` (`pub_time`,`url`,`job_duty`,`title`,`job_require`,`head_count`,`field`,`location`,`department`,`company`,`company_desc`,`type`,`label`,`salary`,`edu`,`logo`) VALUES ('2014|12|23','http://talent.baidu.com/baidu/web/templet1000/index/corpwebPosition1000baidu!getOnePosition?postIdEnc=4B672105D1B3888972EEA80B78D4F01A&brandCode=1&recruitType=2&lanType=1&operational=6637AA56FA08745E71A74EA6AC68D5FFF28F462DA4C19FB3FABC8882DE74DA1C0FDB6AEAC9F8C487108CCBE39D45983B54F375AA1CAE83E6A21F36A7DBB429FDA1AA45697C458F4E6127CE004B316FC9C86A39C79D32365482F25C3ABF4AD4FC8352F916D187D27B5C43D775BC3D82151C8FE41D11E20AFFA9511543837DA597ADA993F4A79495C679D35888897C39FD21D98BCC2FE67575CAED499E9C86325CC3D44DA1C73F4DA945C7FA90CE9460F2','|主要负责网站端及移动端的产品设计，包括WEB、iOS、Android、TV的整体视觉风格和界面元素|实时把握设计的流行趋势，具有创新意识|能够参与设计规范、流程制定|分享设计经验、推动提高团队的设计能力','教育平台产品技术部_GUI高级设计师','|2年以上工作经验|协同作战能力强，爱好设计，善于沟通|有手绘能力加分','2','产品','北京市','百度','百度','百度是一家美国上市公司，市值约为800亿美金','1','大平台,大公司,成长空间','面议','本科以上','./Uploads/Picture/2015-01-01/baidu.jpg') [ RunTime:0.0058s ]
INFO: [ app_end ] --START--
INFO: Run Behavior\ShowPageTraceBehavior [ RunTime:0.000942s ]
INFO: [ app_end ] --END-- [ RunTime:0.001034s ]

[ 2015-01-04T11:12:59+08:00 ] 127.0.0.1 /__debug/index.php
INFO: [ app_init ] --START--
INFO: Run Behavior\BuildLiteBehavior [ RunTime:0.000025s ]
INFO: [ app_init ] --END-- [ RunTime:0.000700s ]
INFO: [ app_begin ] --START--
INFO: Run Behavior\ReadHtmlCacheBehavior [ RunTime:0.000714s ]
INFO: [ app_begin ] --END-- [ RunTime:0.000809s ]
SQL: SHOW COLUMNS FROM `job_detail` [ RunTime:0.0086s ]
SQL: SELECT * FROM `job_detail` LIMIT 10   [ RunTime:0.0020s ]
INFO: [ view_parse ] --START--
INFO: [ template_filter ] --START--
INFO: Run Behavior\ContentReplaceBehavior [ RunTime:0.000154s ]
INFO: [ template_filter ] --END-- [ RunTime:0.000302s ]
INFO: Run Behavior\ParseTemplateBehavior [ RunTime:0.018971s ]
INFO: [ view_parse ] --END-- [ RunTime:0.019051s ]
INFO: [ view_filter ] --START--
INFO: Run Behavior\WriteHtmlCacheBehavior [ RunTime:0.000719s ]
INFO: [ view_filter ] --END-- [ RunTime:0.000777s ]
INFO: [ app_end ] --START--
INFO: Run Behavior\ShowPageTraceBehavior [ RunTime:0.000861s ]
INFO: [ app_end ] --END-- [ RunTime:0.000925s ]

[ 2015-01-04T11:13:13+08:00 ] 127.0.0.1 /__debug/index.php?c=page&a=index&id=2
INFO: [ app_init ] --START--
INFO: Run Behavior\BuildLiteBehavior [ RunTime:0.000018s ]
INFO: [ app_init ] --END-- [ RunTime:0.000665s ]
INFO: [ app_begin ] --START--
INFO: Run Behavior\ReadHtmlCacheBehavior [ RunTime:0.000762s ]
INFO: [ app_begin ] --END-- [ RunTime:0.000838s ]
SQL: SHOW COLUMNS FROM `job_detail` [ RunTime:0.0137s ]
SQL: SELECT * FROM `job_detail` WHERE `id` = 2  [ RunTime:0.0023s ]
SQL: SHOW COLUMNS FROM `recom_resource` [ RunTime:0.0104s ]
SQL: SELECT `res_ids` FROM `recom_resource` WHERE ( job_id =2 and type = 1 )  [ RunTime:0.0007s ]
SQL: SELECT `res_ids` FROM `recom_resource` WHERE ( job_id =2 and type = 2 )  [ RunTime:0.0010s ]
SQL: SELECT `res_ids` FROM `recom_resource` WHERE ( job_id =2 and type = 3 )  [ RunTime:0.0006s ]
SQL: SHOW COLUMNS FROM `user_comments` [ RunTime:0.0099s ]
SQL: SELECT * FROM `user_comments`  [ RunTime:0.0007s ]
NOTIC: [8] Undefined index: keywords D:\tmp\wamp\www\__debug\Application\Home\Controller\PageController.class.php 第 197 行.
INFO: [ view_parse ] --START--
INFO: [ template_filter ] --START--
INFO: Run Behavior\ContentReplaceBehavior [ RunTime:0.000143s ]
INFO: [ template_filter ] --END-- [ RunTime:0.000235s ]
NOTIC: [8] Undefined index: user_name D:\tmp\wamp\www\__debug\Application\Runtime\Cache\Home\68bce0ec7afdf8798ef65138f610dc8c.php 第 296 行.
INFO: Run Behavior\ParseTemplateBehavior [ RunTime:0.026013s ]
INFO: [ view_parse ] --END-- [ RunTime:0.026074s ]
INFO: [ view_filter ] --START--
INFO: Run Behavior\WriteHtmlCacheBehavior [ RunTime:0.000388s ]
INFO: [ view_filter ] --END-- [ RunTime:0.000436s ]
INFO: [ app_end ] --START--
INFO: Run Behavior\ShowPageTraceBehavior [ RunTime:0.000742s ]
INFO: [ app_end ] --END-- [ RunTime:0.000805s ]

